{"/Users/fora_mealey/Projects/toursona/server/models/Quiz.ts": {"path":"/Users/fora_mealey/Projects/toursona/server/models/Quiz.ts","statementMap":{"0":{"start":{"line":1,"column":0},"end":{"line":1,"column":44}},"1":{"start":{"line":4,"column":24},"end":{"line":14,"column":2}},"2":{"start":{"line":19,"column":21},"end":{"line":39,"column":2}},"3":{"start":{"line":44,"column":20},"end":{"line":65,"column":2}},"4":{"start":{"line":70,"column":19},"end":{"line":82,"column":2}},"5":{"start":{"line":87,"column":27},"end":{"line":89,"column":2}},"6":{"start":{"line":91,"column":23},"end":{"line":93,"column":2}},"7":{"start":{"line":98,"column":19},"end":{"line":110,"column":2}},"8":{"start":{"line":113,"column":13},"end":{"line":113,"column":54}},"9":{"start":{"line":114,"column":18},"end":{"line":114,"column":49}},"10":{"start":{"line":115,"column":0},"end":{"line":115,"column":56}},"11":{"start":{"line":116,"column":0},"end":{"line":116,"column":48}},"12":{"start":{"line":118,"column":0},"end":{"line":118,"column":20}}},"fnMap":{},"branchMap":{},"s":{"0":1,"1":1,"2":1,"3":1,"4":1,"5":1,"6":1,"7":1,"8":1,"9":1,"10":1,"11":1,"12":1},"f":{},"b":{}}
,"/Users/fora_mealey/Projects/toursona/server/routes/quizzes.ts": {"path":"/Users/fora_mealey/Projects/toursona/server/routes/quizzes.ts","statementMap":{"0":{"start":{"line":1,"column":0},"end":{"line":1,"column":53}},"1":{"start":{"line":2,"column":0},"end":{"line":2,"column":37}},"2":{"start":{"line":3,"column":0},"end":{"line":3,"column":49}},"3":{"start":{"line":4,"column":0},"end":{"line":4,"column":54}},"4":{"start":{"line":7,"column":15},"end":{"line":7,"column":31}},"5":{"start":{"line":11,"column":0},"end":{"line":53,"column":3}},"6":{"start":{"line":12,"column":2},"end":{"line":52,"column":3}},"7":{"start":{"line":13,"column":17},"end":{"line":13,"column":51}},"8":{"start":{"line":14,"column":4},"end":{"line":17,"column":5}},"9":{"start":{"line":15,"column":6},"end":{"line":15,"column":56}},"10":{"start":{"line":16,"column":6},"end":{"line":16,"column":13}},"11":{"start":{"line":19,"column":68},"end":{"line":19,"column":76}},"12":{"start":{"line":22,"column":4},"end":{"line":43,"column":5}},"13":{"start":{"line":24,"column":6},"end":{"line":24,"column":55}},"14":{"start":{"line":25,"column":6},"end":{"line":28,"column":7}},"15":{"start":{"line":26,"column":8},"end":{"line":26,"column":61}},"16":{"start":{"line":27,"column":8},"end":{"line":27,"column":15}},"17":{"start":{"line":30,"column":6},"end":{"line":30,"column":77}},"18":{"start":{"line":31,"column":6},"end":{"line":33,"column":7}},"19":{"start":{"line":32,"column":8},"end":{"line":32,"column":54}},"20":{"start":{"line":34,"column":6},"end":{"line":34,"column":29}},"21":{"start":{"line":37,"column":6},"end":{"line":41,"column":9}},"22":{"start":{"line":42,"column":6},"end":{"line":42,"column":29}},"23":{"start":{"line":45,"column":4},"end":{"line":48,"column":7}},"24":{"start":{"line":50,"column":18},"end":{"line":50,"column":30}},"25":{"start":{"line":51,"column":4},"end":{"line":51,"column":51}},"26":{"start":{"line":56,"column":0},"end":{"line":66,"column":3}},"27":{"start":{"line":57,"column":2},"end":{"line":65,"column":3}},"28":{"start":{"line":58,"column":4},"end":{"line":58,"column":26}},"29":{"start":{"line":59,"column":17},"end":{"line":59,"column":35}},"30":{"start":{"line":60,"column":4},"end":{"line":60,"column":22}},"31":{"start":{"line":61,"column":4},"end":{"line":61,"column":31}},"32":{"start":{"line":63,"column":18},"end":{"line":63,"column":30}},"33":{"start":{"line":64,"column":4},"end":{"line":64,"column":51}},"34":{"start":{"line":69,"column":0},"end":{"line":81,"column":3}},"35":{"start":{"line":70,"column":2},"end":{"line":80,"column":3}},"36":{"start":{"line":71,"column":17},"end":{"line":71,"column":51}},"37":{"start":{"line":72,"column":4},"end":{"line":75,"column":5}},"38":{"start":{"line":73,"column":6},"end":{"line":73,"column":56}},"39":{"start":{"line":74,"column":6},"end":{"line":74,"column":13}},"40":{"start":{"line":76,"column":4},"end":{"line":76,"column":19}},"41":{"start":{"line":78,"column":18},"end":{"line":78,"column":30}},"42":{"start":{"line":79,"column":4},"end":{"line":79,"column":51}},"43":{"start":{"line":84,"column":0},"end":{"line":96,"column":3}},"44":{"start":{"line":85,"column":2},"end":{"line":95,"column":3}},"45":{"start":{"line":86,"column":19},"end":{"line":86,"column":62}},"46":{"start":{"line":87,"column":4},"end":{"line":90,"column":5}},"47":{"start":{"line":88,"column":6},"end":{"line":88,"column":56}},"48":{"start":{"line":89,"column":6},"end":{"line":89,"column":13}},"49":{"start":{"line":91,"column":4},"end":{"line":91,"column":42}},"50":{"start":{"line":93,"column":18},"end":{"line":93,"column":30}},"51":{"start":{"line":94,"column":4},"end":{"line":94,"column":51}},"52":{"start":{"line":99,"column":0},"end":{"line":111,"column":3}},"53":{"start":{"line":100,"column":2},"end":{"line":110,"column":3}},"54":{"start":{"line":101,"column":17},"end":{"line":101,"column":85}},"55":{"start":{"line":102,"column":4},"end":{"line":105,"column":5}},"56":{"start":{"line":103,"column":6},"end":{"line":103,"column":56}},"57":{"start":{"line":104,"column":6},"end":{"line":104,"column":13}},"58":{"start":{"line":106,"column":4},"end":{"line":106,"column":19}},"59":{"start":{"line":108,"column":18},"end":{"line":108,"column":30}},"60":{"start":{"line":109,"column":4},"end":{"line":109,"column":51}},"61":{"start":{"line":114,"column":0},"end":{"line":122,"column":3}},"62":{"start":{"line":115,"column":2},"end":{"line":121,"column":3}},"63":{"start":{"line":116,"column":20},"end":{"line":116,"column":94}},"64":{"start":{"line":117,"column":4},"end":{"line":117,"column":22}},"65":{"start":{"line":119,"column":18},"end":{"line":119,"column":30}},"66":{"start":{"line":120,"column":4},"end":{"line":120,"column":51}},"67":{"start":{"line":125,"column":0},"end":{"line":137,"column":3}},"68":{"start":{"line":126,"column":2},"end":{"line":136,"column":3}},"69":{"start":{"line":127,"column":22},"end":{"line":127,"column":69}},"70":{"start":{"line":128,"column":4},"end":{"line":131,"column":5}},"71":{"start":{"line":129,"column":6},"end":{"line":129,"column":59}},"72":{"start":{"line":130,"column":6},"end":{"line":130,"column":13}},"73":{"start":{"line":132,"column":4},"end":{"line":132,"column":24}},"74":{"start":{"line":134,"column":18},"end":{"line":134,"column":30}},"75":{"start":{"line":135,"column":4},"end":{"line":135,"column":51}},"76":{"start":{"line":140,"column":0},"end":{"line":254,"column":3}},"77":{"start":{"line":141,"column":2},"end":{"line":253,"column":3}},"78":{"start":{"line":143,"column":17},"end":{"line":143,"column":51}},"79":{"start":{"line":144,"column":4},"end":{"line":147,"column":5}},"80":{"start":{"line":145,"column":6},"end":{"line":145,"column":56}},"81":{"start":{"line":146,"column":6},"end":{"line":146,"column":13}},"82":{"start":{"line":149,"column":22},"end":{"line":149,"column":69}},"83":{"start":{"line":150,"column":4},"end":{"line":153,"column":5}},"84":{"start":{"line":151,"column":6},"end":{"line":151,"column":59}},"85":{"start":{"line":152,"column":6},"end":{"line":152,"column":13}},"86":{"start":{"line":156,"column":93},"end":{"line":156,"column":95}},"87":{"start":{"line":157,"column":25},"end":{"line":157,"column":26}},"88":{"start":{"line":158,"column":28},"end":{"line":158,"column":29}},"89":{"start":{"line":161,"column":4},"end":{"line":187,"column":7}},"90":{"start":{"line":162,"column":6},"end":{"line":186,"column":7}},"91":{"start":{"line":163,"column":28},"end":{"line":163,"column":67}},"92":{"start":{"line":164,"column":8},"end":{"line":185,"column":9}},"93":{"start":{"line":166,"column":10},"end":{"line":184,"column":13}},"94":{"start":{"line":167,"column":12},"end":{"line":167,"column":29}},"95":{"start":{"line":168,"column":34},"end":{"line":168,"column":57}},"96":{"start":{"line":169,"column":12},"end":{"line":183,"column":13}},"97":{"start":{"line":170,"column":14},"end":{"line":170,"column":34}},"98":{"start":{"line":172,"column":37},"end":{"line":172,"column":105}},"99":{"start":{"line":172,"column":74},"end":{"line":172,"column":104}},"100":{"start":{"line":173,"column":14},"end":{"line":182,"column":15}},"101":{"start":{"line":175,"column":16},"end":{"line":181,"column":19}},"102":{"start":{"line":176,"column":18},"end":{"line":178,"column":19}},"103":{"start":{"line":177,"column":20},"end":{"line":177,"column":80}},"104":{"start":{"line":179,"column":18},"end":{"line":179,"column":56}},"105":{"start":{"line":180,"column":18},"end":{"line":180,"column":52}},"106":{"start":{"line":190,"column":4},"end":{"line":195,"column":7}},"107":{"start":{"line":191,"column":19},"end":{"line":191,"column":41}},"108":{"start":{"line":192,"column":6},"end":{"line":194,"column":7}},"109":{"start":{"line":193,"column":8},"end":{"line":193,"column":68}},"110":{"start":{"line":198,"column":24},"end":{"line":198,"column":82}},"111":{"start":{"line":198,"column":65},"end":{"line":198,"column":81}},"112":{"start":{"line":199,"column":21},"end":{"line":199,"column":74}},"113":{"start":{"line":202,"column":29},"end":{"line":202,"column":70}},"114":{"start":{"line":205,"column":49},"end":{"line":205,"column":51}},"115":{"start":{"line":206,"column":22},"end":{"line":217,"column":50}},"116":{"start":{"line":207,"column":24},"end":{"line":207,"column":48}},"117":{"start":{"line":208,"column":20},"end":{"line":208,"column":51}},"118":{"start":{"line":209,"column":6},"end":{"line":209,"column":36}},"119":{"start":{"line":211,"column":25},"end":{"line":211,"column":86}},"120":{"start":{"line":212,"column":6},"end":{"line":216,"column":8}},"121":{"start":{"line":217,"column":22},"end":{"line":217,"column":49}},"122":{"start":{"line":220,"column":24},"end":{"line":220,"column":42}},"123":{"start":{"line":221,"column":26},"end":{"line":221,"column":95}},"124":{"start":{"line":224,"column":23},"end":{"line":224,"column":69}},"125":{"start":{"line":224,"column":48},"end":{"line":224,"column":68}},"126":{"start":{"line":225,"column":24},"end":{"line":227,"column":42}},"127":{"start":{"line":230,"column":29},"end":{"line":232,"column":17}},"128":{"start":{"line":231,"column":37},"end":{"line":231,"column":60}},"129":{"start":{"line":235,"column":4},"end":{"line":235,"column":120}},"130":{"start":{"line":235,"column":96},"end":{"line":235,"column":117}},"131":{"start":{"line":236,"column":4},"end":{"line":236,"column":27}},"132":{"start":{"line":239,"column":46},"end":{"line":247,"column":6}},"133":{"start":{"line":249,"column":4},"end":{"line":249,"column":23}},"134":{"start":{"line":251,"column":18},"end":{"line":251,"column":30}},"135":{"start":{"line":252,"column":4},"end":{"line":252,"column":51}},"136":{"start":{"line":259,"column":0},"end":{"line":267,"column":3}},"137":{"start":{"line":260,"column":2},"end":{"line":266,"column":3}},"138":{"start":{"line":261,"column":20},"end":{"line":261,"column":61}},"139":{"start":{"line":262,"column":4},"end":{"line":262,"column":22}},"140":{"start":{"line":264,"column":18},"end":{"line":264,"column":30}},"141":{"start":{"line":265,"column":4},"end":{"line":265,"column":51}},"142":{"start":{"line":270,"column":0},"end":{"line":282,"column":3}},"143":{"start":{"line":271,"column":2},"end":{"line":281,"column":3}},"144":{"start":{"line":272,"column":17},"end":{"line":272,"column":85}},"145":{"start":{"line":273,"column":4},"end":{"line":276,"column":5}},"146":{"start":{"line":274,"column":6},"end":{"line":274,"column":56}},"147":{"start":{"line":275,"column":6},"end":{"line":275,"column":13}},"148":{"start":{"line":277,"column":4},"end":{"line":277,"column":19}},"149":{"start":{"line":279,"column":18},"end":{"line":279,"column":30}},"150":{"start":{"line":280,"column":4},"end":{"line":280,"column":51}},"151":{"start":{"line":284,"column":0},"end":{"line":284,"column":22}}},"fnMap":{"0":{"name":"(anonymous_1)","decl":{"start":{"line":11,"column":28},"end":{"line":11,"column":33}},"loc":{"start":{"line":11,"column":122},"end":{"line":53,"column":1}}},"1":{"name":"(anonymous_2)","decl":{"start":{"line":56,"column":17},"end":{"line":56,"column":22}},"loc":{"start":{"line":56,"column":97},"end":{"line":66,"column":1}}},"2":{"name":"(anonymous_3)","decl":{"start":{"line":69,"column":19},"end":{"line":69,"column":24}},"loc":{"start":{"line":69,"column":88},"end":{"line":81,"column":1}}},"3":{"name":"(anonymous_4)","decl":{"start":{"line":84,"column":22},"end":{"line":84,"column":27}},"loc":{"start":{"line":84,"column":91},"end":{"line":96,"column":1}}},"4":{"name":"(anonymous_5)","decl":{"start":{"line":99,"column":21},"end":{"line":99,"column":26}},"loc":{"start":{"line":99,"column":90},"end":{"line":111,"column":1}}},"5":{"name":"(anonymous_6)","decl":{"start":{"line":114,"column":27},"end":{"line":114,"column":32}},"loc":{"start":{"line":114,"column":96},"end":{"line":122,"column":1}}},"6":{"name":"(anonymous_7)","decl":{"start":{"line":125,"column":38},"end":{"line":125,"column":43}},"loc":{"start":{"line":125,"column":126},"end":{"line":137,"column":1}}},"7":{"name":"(anonymous_8)","decl":{"start":{"line":140,"column":40},"end":{"line":140,"column":45}},"loc":{"start":{"line":140,"column":128},"end":{"line":254,"column":1}}},"8":{"name":"(anonymous_9)","decl":{"start":{"line":161,"column":23},"end":{"line":161,"column":24}},"loc":{"start":{"line":161,"column":43},"end":{"line":187,"column":5}}},"9":{"name":"(anonymous_10)","decl":{"start":{"line":166,"column":30},"end":{"line":166,"column":31}},"loc":{"start":{"line":166,"column":45},"end":{"line":184,"column":11}}},"10":{"name":"(anonymous_11)","decl":{"start":{"line":172,"column":57},"end":{"line":172,"column":58}},"loc":{"start":{"line":172,"column":74},"end":{"line":172,"column":104}}},"11":{"name":"(anonymous_12)","decl":{"start":{"line":175,"column":46},"end":{"line":175,"column":47}},"loc":{"start":{"line":175,"column":81},"end":{"line":181,"column":17}}},"12":{"name":"(anonymous_13)","decl":{"start":{"line":190,"column":39},"end":{"line":190,"column":46}},"loc":{"start":{"line":190,"column":49},"end":{"line":195,"column":5}}},"13":{"name":"(anonymous_14)","decl":{"start":{"line":198,"column":57},"end":{"line":198,"column":61}},"loc":{"start":{"line":198,"column":65},"end":{"line":198,"column":81}}},"14":{"name":"(anonymous_15)","decl":{"start":{"line":206,"column":43},"end":{"line":206,"column":47}},"loc":{"start":{"line":206,"column":50},"end":{"line":217,"column":5}}},"15":{"name":"(anonymous_16)","decl":{"start":{"line":217,"column":12},"end":{"line":217,"column":13}},"loc":{"start":{"line":217,"column":22},"end":{"line":217,"column":49}}},"16":{"name":"(anonymous_17)","decl":{"start":{"line":224,"column":40},"end":{"line":224,"column":44}},"loc":{"start":{"line":224,"column":48},"end":{"line":224,"column":68}}},"17":{"name":"(anonymous_18)","decl":{"start":{"line":231,"column":29},"end":{"line":231,"column":33}},"loc":{"start":{"line":231,"column":37},"end":{"line":231,"column":60}}},"18":{"name":"(anonymous_19)","decl":{"start":{"line":235,"column":75},"end":{"line":235,"column":76}},"loc":{"start":{"line":235,"column":96},"end":{"line":235,"column":117}}},"19":{"name":"(anonymous_20)","decl":{"start":{"line":259,"column":16},"end":{"line":259,"column":21}},"loc":{"start":{"line":259,"column":69},"end":{"line":267,"column":1}}},"20":{"name":"(anonymous_21)","decl":{"start":{"line":270,"column":19},"end":{"line":270,"column":24}},"loc":{"start":{"line":270,"column":88},"end":{"line":282,"column":1}}}},"branchMap":{"0":{"loc":{"start":{"line":14,"column":4},"end":{"line":17,"column":5}},"type":"if","locations":[{"start":{"line":14,"column":4},"end":{"line":17,"column":5}}]},"1":{"loc":{"start":{"line":22,"column":4},"end":{"line":43,"column":5}},"type":"if","locations":[{"start":{"line":22,"column":4},"end":{"line":43,"column":5}},{"start":{"line":35,"column":11},"end":{"line":43,"column":5}}]},"2":{"loc":{"start":{"line":25,"column":6},"end":{"line":28,"column":7}},"type":"if","locations":[{"start":{"line":25,"column":6},"end":{"line":28,"column":7}}]},"3":{"loc":{"start":{"line":31,"column":6},"end":{"line":33,"column":7}},"type":"if","locations":[{"start":{"line":31,"column":6},"end":{"line":33,"column":7}}]},"4":{"loc":{"start":{"line":40,"column":26},"end":{"line":40,"column":48}},"type":"binary-expr","locations":[{"start":{"line":40,"column":26},"end":{"line":40,"column":42}},{"start":{"line":40,"column":46},"end":{"line":40,"column":48}}]},"5":{"loc":{"start":{"line":72,"column":4},"end":{"line":75,"column":5}},"type":"if","locations":[{"start":{"line":72,"column":4},"end":{"line":75,"column":5}}]},"6":{"loc":{"start":{"line":87,"column":4},"end":{"line":90,"column":5}},"type":"if","locations":[{"start":{"line":87,"column":4},"end":{"line":90,"column":5}}]},"7":{"loc":{"start":{"line":102,"column":4},"end":{"line":105,"column":5}},"type":"if","locations":[{"start":{"line":102,"column":4},"end":{"line":105,"column":5}}]},"8":{"loc":{"start":{"line":128,"column":4},"end":{"line":131,"column":5}},"type":"if","locations":[{"start":{"line":128,"column":4},"end":{"line":131,"column":5}}]},"9":{"loc":{"start":{"line":144,"column":4},"end":{"line":147,"column":5}},"type":"if","locations":[{"start":{"line":144,"column":4},"end":{"line":147,"column":5}}]},"10":{"loc":{"start":{"line":150,"column":4},"end":{"line":153,"column":5}},"type":"if","locations":[{"start":{"line":150,"column":4},"end":{"line":153,"column":5}}]},"11":{"loc":{"start":{"line":162,"column":6},"end":{"line":186,"column":7}},"type":"if","locations":[{"start":{"line":162,"column":6},"end":{"line":186,"column":7}}]},"12":{"loc":{"start":{"line":162,"column":10},"end":{"line":162,"column":54}},"type":"binary-expr","locations":[{"start":{"line":162,"column":10},"end":{"line":162,"column":34}},{"start":{"line":162,"column":38},"end":{"line":162,"column":54}}]},"13":{"loc":{"start":{"line":164,"column":8},"end":{"line":185,"column":9}},"type":"if","locations":[{"start":{"line":164,"column":8},"end":{"line":185,"column":9}}]},"14":{"loc":{"start":{"line":169,"column":12},"end":{"line":183,"column":13}},"type":"if","locations":[{"start":{"line":169,"column":12},"end":{"line":183,"column":13}}]},"15":{"loc":{"start":{"line":173,"column":14},"end":{"line":182,"column":15}},"type":"if","locations":[{"start":{"line":173,"column":14},"end":{"line":182,"column":15}}]},"16":{"loc":{"start":{"line":173,"column":18},"end":{"line":173,"column":57}},"type":"binary-expr","locations":[{"start":{"line":173,"column":18},"end":{"line":173,"column":32}},{"start":{"line":173,"column":36},"end":{"line":173,"column":57}}]},"17":{"loc":{"start":{"line":176,"column":18},"end":{"line":178,"column":19}},"type":"if","locations":[{"start":{"line":176,"column":18},"end":{"line":178,"column":19}}]},"18":{"loc":{"start":{"line":192,"column":6},"end":{"line":194,"column":7}},"type":"if","locations":[{"start":{"line":192,"column":6},"end":{"line":194,"column":7}}]},"19":{"loc":{"start":{"line":193,"column":23},"end":{"line":193,"column":67}},"type":"cond-expr","locations":[{"start":{"line":193,"column":40},"end":{"line":193,"column":63}},{"start":{"line":193,"column":66},"end":{"line":193,"column":67}}]},"20":{"loc":{"start":{"line":198,"column":65},"end":{"line":198,"column":81}},"type":"binary-expr","locations":[{"start":{"line":198,"column":65},"end":{"line":198,"column":76}},{"start":{"line":198,"column":80},"end":{"line":198,"column":81}}]},"21":{"loc":{"start":{"line":199,"column":21},"end":{"line":199,"column":74}},"type":"cond-expr","locations":[{"start":{"line":199,"column":46},"end":{"line":199,"column":70}},{"start":{"line":199,"column":73},"end":{"line":199,"column":74}}]},"22":{"loc":{"start":{"line":208,"column":20},"end":{"line":208,"column":51}},"type":"cond-expr","locations":[{"start":{"line":208,"column":32},"end":{"line":208,"column":47}},{"start":{"line":208,"column":50},"end":{"line":208,"column":51}}]},"23":{"loc":{"start":{"line":211,"column":25},"end":{"line":211,"column":86}},"type":"cond-expr","locations":[{"start":{"line":211,"column":49},"end":{"line":211,"column":82}},{"start":{"line":211,"column":85},"end":{"line":211,"column":86}}]},"24":{"loc":{"start":{"line":221,"column":26},"end":{"line":221,"column":95}},"type":"cond-expr","locations":[{"start":{"line":221,"column":65},"end":{"line":221,"column":83}},{"start":{"line":221,"column":86},"end":{"line":221,"column":95}}]},"25":{"loc":{"start":{"line":221,"column":27},"end":{"line":221,"column":56}},"type":"binary-expr","locations":[{"start":{"line":221,"column":27},"end":{"line":221,"column":51}},{"start":{"line":221,"column":55},"end":{"line":221,"column":56}}]},"26":{"loc":{"start":{"line":225,"column":24},"end":{"line":227,"column":42}},"type":"binary-expr","locations":[{"start":{"line":225,"column":24},"end":{"line":225,"column":46}},{"start":{"line":226,"column":6},"end":{"line":226,"column":42}},{"start":{"line":227,"column":6},"end":{"line":227,"column":42}}]},"27":{"loc":{"start":{"line":226,"column":7},"end":{"line":226,"column":36}},"type":"binary-expr","locations":[{"start":{"line":226,"column":7},"end":{"line":226,"column":31}},{"start":{"line":226,"column":35},"end":{"line":226,"column":36}}]},"28":{"loc":{"start":{"line":227,"column":7},"end":{"line":227,"column":36}},"type":"binary-expr","locations":[{"start":{"line":227,"column":7},"end":{"line":227,"column":31}},{"start":{"line":227,"column":35},"end":{"line":227,"column":36}}]},"29":{"loc":{"start":{"line":230,"column":29},"end":{"line":232,"column":17}},"type":"cond-expr","locations":[{"start":{"line":231,"column":7},"end":{"line":231,"column":76}},{"start":{"line":232,"column":6},"end":{"line":232,"column":17}}]},"30":{"loc":{"start":{"line":231,"column":7},"end":{"line":231,"column":76}},"type":"binary-expr","locations":[{"start":{"line":231,"column":7},"end":{"line":231,"column":61}},{"start":{"line":231,"column":65},"end":{"line":231,"column":76}}]},"31":{"loc":{"start":{"line":273,"column":4},"end":{"line":276,"column":5}},"type":"if","locations":[{"start":{"line":273,"column":4},"end":{"line":276,"column":5}}]}},"s":{"0":1,"1":1,"2":1,"3":1,"4":1,"5":1,"6":0,"7":0,"8":0,"9":0,"10":0,"11":0,"12":0,"13":0,"14":0,"15":0,"16":0,"17":0,"18":0,"19":0,"20":0,"21":0,"22":0,"23":0,"24":0,"25":0,"26":1,"27":1,"28":1,"29":1,"30":0,"31":0,"32":1,"33":1,"34":1,"35":1,"36":1,"37":1,"38":1,"39":1,"40":0,"41":0,"42":0,"43":1,"44":0,"45":0,"46":0,"47":0,"48":0,"49":0,"50":0,"51":0,"52":1,"53":0,"54":0,"55":0,"56":0,"57":0,"58":0,"59":0,"60":0,"61":1,"62":0,"63":0,"64":0,"65":0,"66":0,"67":1,"68":0,"69":0,"70":0,"71":0,"72":0,"73":0,"74":0,"75":0,"76":1,"77":2,"78":2,"79":2,"80":0,"81":0,"82":2,"83":2,"84":0,"85":0,"86":2,"87":2,"88":2,"89":2,"90":2,"91":2,"92":2,"93":2,"94":2,"95":2,"96":2,"97":2,"98":2,"99":2,"100":2,"101":2,"102":3,"103":3,"104":3,"105":3,"106":2,"107":3,"108":3,"109":3,"110":2,"111":3,"112":2,"113":2,"114":2,"115":2,"116":4,"117":4,"118":4,"119":4,"120":4,"121":2,"122":2,"123":2,"124":2,"125":4,"126":2,"127":2,"128":0,"129":2,"130":3,"131":2,"132":2,"133":2,"134":0,"135":0,"136":1,"137":0,"138":0,"139":0,"140":0,"141":0,"142":1,"143":0,"144":0,"145":0,"146":0,"147":0,"148":0,"149":0,"150":0,"151":1},"f":{"0":0,"1":1,"2":1,"3":0,"4":0,"5":0,"6":0,"7":2,"8":2,"9":2,"10":2,"11":3,"12":3,"13":3,"14":4,"15":2,"16":4,"17":0,"18":3,"19":0,"20":0},"b":{"0":[0],"1":[0,0],"2":[0],"3":[0],"4":[0,0],"5":[1],"6":[0],"7":[0],"8":[0],"9":[0],"10":[0],"11":[2],"12":[2,2],"13":[2],"14":[2],"15":[2],"16":[2,2],"17":[3],"18":[3],"19":[3,0],"20":[3,0],"21":[2,0],"22":[3,1],"23":[4,0],"24":[1,1],"25":[2,1],"26":[2,0,0],"27":[0,0],"28":[0,0],"29":[0,2],"30":[0,0],"31":[0]}}
}
