TN:
SF:models/Quiz.ts
FNF:0
FNH:0
DA:1,1
DA:4,1
DA:19,1
DA:44,1
DA:70,1
DA:87,1
DA:91,1
DA:98,1
DA:113,1
DA:114,1
DA:115,1
DA:116,1
DA:118,1
LF:13
LH:13
BRF:0
BRH:0
end_of_record
TN:
SF:routes/quizzes.ts
FN:11,(anonymous_1)
FN:56,(anonymous_2)
FN:69,(anonymous_3)
FN:84,(anonymous_4)
FN:99,(anonymous_5)
FN:114,(anonymous_6)
FN:125,(anonymous_7)
FN:140,(anonymous_8)
FN:161,(anonymous_9)
FN:166,(anonymous_10)
FN:172,(anonymous_11)
FN:175,(anonymous_12)
FN:190,(anonymous_13)
FN:198,(anonymous_14)
FN:206,(anonymous_15)
FN:217,(anonymous_16)
FN:224,(anonymous_17)
FN:231,(anonymous_18)
FN:235,(anonymous_19)
FN:259,(anonymous_20)
FN:270,(anonymous_21)
FNF:21
FNH:13
FNDA:0,(anonymous_1)
FNDA:1,(anonymous_2)
FNDA:1,(anonymous_3)
FNDA:0,(anonymous_4)
FNDA:0,(anonymous_5)
FNDA:0,(anonymous_6)
FNDA:0,(anonymous_7)
FNDA:2,(anonymous_8)
FNDA:2,(anonymous_9)
FNDA:2,(anonymous_10)
FNDA:2,(anonymous_11)
FNDA:3,(anonymous_12)
FNDA:3,(anonymous_13)
FNDA:3,(anonymous_14)
FNDA:4,(anonymous_15)
FNDA:2,(anonymous_16)
FNDA:4,(anonymous_17)
FNDA:0,(anonymous_18)
FNDA:3,(anonymous_19)
FNDA:0,(anonymous_20)
FNDA:0,(anonymous_21)
DA:1,1
DA:2,1
DA:3,1
DA:4,1
DA:7,1
DA:11,1
DA:12,0
DA:13,0
DA:14,0
DA:15,0
DA:16,0
DA:19,0
DA:22,0
DA:24,0
DA:25,0
DA:26,0
DA:27,0
DA:30,0
DA:31,0
DA:32,0
DA:34,0
DA:37,0
DA:42,0
DA:45,0
DA:50,0
DA:51,0
DA:56,1
DA:57,1
DA:58,1
DA:59,1
DA:60,0
DA:61,0
DA:63,1
DA:64,1
DA:69,1
DA:70,1
DA:71,1
DA:72,1
DA:73,1
DA:74,1
DA:76,0
DA:78,0
DA:79,0
DA:84,1
DA:85,0
DA:86,0
DA:87,0
DA:88,0
DA:89,0
DA:91,0
DA:93,0
DA:94,0
DA:99,1
DA:100,0
DA:101,0
DA:102,0
DA:103,0
DA:104,0
DA:106,0
DA:108,0
DA:109,0
DA:114,1
DA:115,0
DA:116,0
DA:117,0
DA:119,0
DA:120,0
DA:125,1
DA:126,0
DA:127,0
DA:128,0
DA:129,0
DA:130,0
DA:132,0
DA:134,0
DA:135,0
DA:140,1
DA:141,2
DA:143,2
DA:144,2
DA:145,0
DA:146,0
DA:149,2
DA:150,2
DA:151,0
DA:152,0
DA:156,2
DA:157,2
DA:158,2
DA:161,2
DA:162,2
DA:163,2
DA:164,2
DA:166,2
DA:167,2
DA:168,2
DA:169,2
DA:170,2
DA:172,2
DA:173,2
DA:175,2
DA:176,3
DA:177,3
DA:179,3
DA:180,3
DA:190,2
DA:191,3
DA:192,3
DA:193,3
DA:198,3
DA:199,2
DA:202,2
DA:205,2
DA:206,2
DA:207,4
DA:208,4
DA:209,4
DA:211,4
DA:212,4
DA:217,2
DA:220,2
DA:221,2
DA:224,4
DA:225,2
DA:230,2
DA:231,0
DA:235,3
DA:236,2
DA:239,2
DA:249,2
DA:251,0
DA:252,0
DA:259,1
DA:260,0
DA:261,0
DA:262,0
DA:264,0
DA:265,0
DA:270,1
DA:271,0
DA:272,0
DA:273,0
DA:274,0
DA:275,0
DA:277,0
DA:279,0
DA:280,0
DA:284,1
LF:148
LH:74
BRDA:14,0,0,0
BRDA:22,1,0,0
BRDA:22,1,1,0
BRDA:25,2,0,0
BRDA:31,3,0,0
BRDA:40,4,0,0
BRDA:40,4,1,0
BRDA:72,5,0,1
BRDA:87,6,0,0
BRDA:102,7,0,0
BRDA:128,8,0,0
BRDA:144,9,0,0
BRDA:150,10,0,0
BRDA:162,11,0,2
BRDA:162,12,0,2
BRDA:162,12,1,2
BRDA:164,13,0,2
BRDA:169,14,0,2
BRDA:173,15,0,2
BRDA:173,16,0,2
BRDA:173,16,1,2
BRDA:176,17,0,3
BRDA:192,18,0,3
BRDA:193,19,0,3
BRDA:193,19,1,0
BRDA:198,20,0,3
BRDA:198,20,1,0
BRDA:199,21,0,2
BRDA:199,21,1,0
BRDA:208,22,0,3
BRDA:208,22,1,1
BRDA:211,23,0,4
BRDA:211,23,1,0
BRDA:221,24,0,1
BRDA:221,24,1,1
BRDA:221,25,0,2
BRDA:221,25,1,1
BRDA:225,26,0,2
BRDA:225,26,1,0
BRDA:225,26,2,0
BRDA:226,27,0,0
BRDA:226,27,1,0
BRDA:227,28,0,0
BRDA:227,28,1,0
BRDA:230,29,0,0
BRDA:230,29,1,2
BRDA:231,30,0,0
BRDA:231,30,1,0
BRDA:273,31,0,0
BRF:49
BRH:23
end_of_record
